{"K:\\Git\\FullJourneyLingua\\JourneyLingua\\backend\\server.ts": {"path":"K:\\Git\\FullJourneyLingua\\JourneyLingua\\backend\\server.ts","statementMap":{"0":{"start":{"line":1,"column":0},"end":{"line":1,"column":30}},"1":{"start":{"line":2,"column":0},"end":{"line":2,"column":24}},"2":{"start":{"line":3,"column":0},"end":{"line":3,"column":28}},"3":{"start":{"line":4,"column":0},"end":{"line":4,"column":37}},"4":{"start":{"line":5,"column":0},"end":{"line":5,"column":35}},"5":{"start":{"line":7,"column":0},"end":{"line":7,"column":41}},"6":{"start":{"line":8,"column":0},"end":{"line":8,"column":41}},"7":{"start":{"line":9,"column":0},"end":{"line":9,"column":50}},"8":{"start":{"line":11,"column":0},"end":{"line":11,"column":16}},"9":{"start":{"line":13,"column":12},"end":{"line":13,"column":21}},"10":{"start":{"line":14,"column":27},"end":{"line":14,"column":60}},"11":{"start":{"line":15,"column":29},"end":{"line":15,"column":64}},"12":{"start":{"line":16,"column":13},"end":{"line":16,"column":37}},"13":{"start":{"line":19,"column":0},"end":{"line":19,"column":24}},"14":{"start":{"line":20,"column":0},"end":{"line":20,"column":16}},"15":{"start":{"line":21,"column":0},"end":{"line":24,"column":null}},"16":{"start":{"line":22,"column":4},"end":{"line":22,"column":38}},"17":{"start":{"line":23,"column":4},"end":{"line":23,"column":11}},"18":{"start":{"line":27,"column":0},"end":{"line":27,"column":33}},"19":{"start":{"line":28,"column":0},"end":{"line":28,"column":35}},"20":{"start":{"line":29,"column":0},"end":{"line":29,"column":21}},"21":{"start":{"line":30,"column":0},"end":{"line":30,"column":20}},"22":{"start":{"line":31,"column":0},"end":{"line":31,"column":23}},"23":{"start":{"line":32,"column":0},"end":{"line":32,"column":23}},"24":{"start":{"line":33,"column":0},"end":{"line":33,"column":30}},"25":{"start":{"line":36,"column":0},"end":{"line":40,"column":3}},"26":{"start":{"line":37,"column":4},"end":{"line":39,"column":7}},"27":{"start":{"line":38,"column":6},"end":{"line":38,"column":53}},"28":{"start":{"line":42,"column":0},"end":{"line":42,"column":19}}},"fnMap":{"0":{"name":"(anonymous_1)","decl":{"start":{"line":21,"column":8},"end":{"line":21,"column":9}},"loc":{"start":{"line":21,"column":27},"end":{"line":24,"column":1}}},"1":{"name":"(anonymous_2)","decl":{"start":{"line":37,"column":21},"end":{"line":37,"column":24}},"loc":{"start":{"line":37,"column":26},"end":{"line":39,"column":5}}}},"branchMap":{"0":{"loc":{"start":{"line":16,"column":13},"end":{"line":16,"column":37}},"type":"binary-expr","locations":[{"start":{"line":16,"column":13},"end":{"line":16,"column":29}},{"start":{"line":16,"column":33},"end":{"line":16,"column":37}}]},"1":{"loc":{"start":{"line":36,"column":0},"end":{"line":40,"column":3}},"type":"if","locations":[{"start":{"line":36,"column":0},"end":{"line":40,"column":3}}]}},"s":{"0":2,"1":2,"2":2,"3":2,"4":2,"5":2,"6":2,"7":2,"8":2,"9":2,"10":2,"11":2,"12":2,"13":2,"14":2,"15":2,"16":7,"17":7,"18":2,"19":2,"20":2,"21":2,"22":2,"23":2,"24":2,"25":2,"26":0,"27":0,"28":2},"f":{"0":7,"1":0},"b":{"0":[2,0],"1":[0]}}
,"K:\\Git\\FullJourneyLingua\\JourneyLingua\\backend\\prisma\\prisma.ts": {"path":"K:\\Git\\FullJourneyLingua\\JourneyLingua\\backend\\prisma\\prisma.ts","statementMap":{"0":{"start":{"line":1,"column":0},"end":{"line":1,"column":46}},"1":{"start":{"line":3,"column":15},"end":{"line":5,"column":2}},"2":{"start":{"line":7,"column":0},"end":{"line":7,"column":22}}},"fnMap":{},"branchMap":{},"s":{"0":2,"1":2,"2":2},"f":{},"b":{}}
,"K:\\Git\\FullJourneyLingua\\JourneyLingua\\backend\\routes\\deleteuser.ts": {"path":"K:\\Git\\FullJourneyLingua\\JourneyLingua\\backend\\routes\\deleteuser.ts","statementMap":{"0":{"start":{"line":1,"column":0},"end":{"line":1,"column":53}},"1":{"start":{"line":2,"column":0},"end":{"line":2,"column":38}},"2":{"start":{"line":4,"column":15},"end":{"line":4,"column":31}},"3":{"start":{"line":6,"column":0},"end":{"line":30,"column":3}},"4":{"start":{"line":6,"column":77},"end":{"line":30,"column":2}},"5":{"start":{"line":7,"column":25},"end":{"line":7,"column":35}},"6":{"start":{"line":9,"column":4},"end":{"line":29,"column":5}},"7":{"start":{"line":10,"column":29},"end":{"line":10,"column":45}},"8":{"start":{"line":12,"column":21},"end":{"line":14,"column":10}},"9":{"start":{"line":16,"column":8},"end":{"line":18,"column":9}},"10":{"start":{"line":17,"column":12},"end":{"line":17,"column":71}},"11":{"start":{"line":21,"column":8},"end":{"line":23,"column":11}},"12":{"start":{"line":25,"column":8},"end":{"line":25,"column":59}},"13":{"start":{"line":27,"column":8},"end":{"line":27,"column":53}},"14":{"start":{"line":28,"column":8},"end":{"line":28,"column":67}},"15":{"start":{"line":33,"column":0},"end":{"line":33,"column":22}}},"fnMap":{"0":{"name":"(anonymous_8)","decl":{"start":{"line":6,"column":39},"end":{"line":6,"column":46}},"loc":{"start":{"line":6,"column":77},"end":{"line":30,"column":2}}},"1":{"name":"(anonymous_9)","decl":{"start":{"line":6,"column":77},"end":{"line":6,"column":null}},"loc":{"start":{"line":6,"column":77},"end":{"line":30,"column":1}}}},"branchMap":{"0":{"loc":{"start":{"line":16,"column":8},"end":{"line":18,"column":9}},"type":"if","locations":[{"start":{"line":16,"column":8},"end":{"line":18,"column":9}}]}},"s":{"0":2,"1":2,"2":2,"3":2,"4":1,"5":1,"6":1,"7":1,"8":1,"9":1,"10":0,"11":1,"12":1,"13":0,"14":0,"15":2},"f":{"0":1,"1":1},"b":{"0":[0]}}
,"K:\\Git\\FullJourneyLingua\\JourneyLingua\\backend\\routes\\exercise.ts": {"path":"K:\\Git\\FullJourneyLingua\\JourneyLingua\\backend\\routes\\exercise.ts","statementMap":{"0":{"start":{"line":1,"column":0},"end":{"line":1,"column":30}},"1":{"start":{"line":3,"column":15},"end":{"line":3,"column":31}},"2":{"start":{"line":4,"column":0},"end":{"line":4,"column":38}},"3":{"start":{"line":12,"column":0},"end":{"line":35,"column":3}},"4":{"start":{"line":12,"column":44},"end":{"line":35,"column":2}},"5":{"start":{"line":13,"column":4},"end":{"line":34,"column":5}},"6":{"start":{"line":14,"column":41},"end":{"line":14,"column":49}},"7":{"start":{"line":16,"column":52},"end":{"line":19,"column":null}},"8":{"start":{"line":21,"column":8},"end":{"line":23,"column":9}},"9":{"start":{"line":22,"column":12},"end":{"line":22,"column":76}},"10":{"start":{"line":26,"column":32},"end":{"line":28,"column":10}},"11":{"start":{"line":30,"column":8},"end":{"line":30,"column":99}},"12":{"start":{"line":32,"column":8},"end":{"line":32,"column":57}},"13":{"start":{"line":33,"column":8},"end":{"line":33,"column":63}},"14":{"start":{"line":37,"column":0},"end":{"line":37,"column":22}}},"fnMap":{"0":{"name":"(anonymous_8)","decl":{"start":{"line":12,"column":25},"end":{"line":12,"column":32}},"loc":{"start":{"line":12,"column":44},"end":{"line":35,"column":2}}},"1":{"name":"(anonymous_9)","decl":{"start":{"line":12,"column":44},"end":{"line":12,"column":null}},"loc":{"start":{"line":12,"column":44},"end":{"line":35,"column":1}}}},"branchMap":{"0":{"loc":{"start":{"line":21,"column":8},"end":{"line":23,"column":9}},"type":"if","locations":[{"start":{"line":21,"column":8},"end":{"line":23,"column":9}}]},"1":{"loc":{"start":{"line":21,"column":12},"end":{"line":21,"column":38}},"type":"binary-expr","locations":[{"start":{"line":21,"column":12},"end":{"line":21,"column":23}},{"start":{"line":21,"column":27},"end":{"line":21,"column":38}}]}},"s":{"0":2,"1":2,"2":2,"3":2,"4":1,"5":1,"6":1,"7":1,"8":1,"9":0,"10":1,"11":1,"12":0,"13":0,"14":2},"f":{"0":1,"1":1},"b":{"0":[0],"1":[1,1]}}
,"K:\\Git\\FullJourneyLingua\\JourneyLingua\\backend\\routes\\imageToTextEx.ts": {"path":"K:\\Git\\FullJourneyLingua\\JourneyLingua\\backend\\routes\\imageToTextEx.ts","statementMap":{"0":{"start":{"line":1,"column":0},"end":{"line":1,"column":30}},"1":{"start":{"line":3,"column":15},"end":{"line":3,"column":31}},"2":{"start":{"line":4,"column":0},"end":{"line":4,"column":38}},"3":{"start":{"line":19,"column":0},"end":{"line":48,"column":3}},"4":{"start":{"line":19,"column":56},"end":{"line":48,"column":2}},"5":{"start":{"line":20,"column":4},"end":{"line":47,"column":5}},"6":{"start":{"line":21,"column":93},"end":{"line":21,"column":101}},"7":{"start":{"line":24,"column":50},"end":{"line":32,"column":10}},"8":{"start":{"line":34,"column":8},"end":{"line":36,"column":9}},"9":{"start":{"line":35,"column":12},"end":{"line":35,"column":76}},"10":{"start":{"line":39,"column":37},"end":{"line":41,"column":10}},"11":{"start":{"line":43,"column":8},"end":{"line":43,"column":51}},"12":{"start":{"line":45,"column":8},"end":{"line":45,"column":62}},"13":{"start":{"line":46,"column":8},"end":{"line":46,"column":63}},"14":{"start":{"line":50,"column":0},"end":{"line":50,"column":22}},"15":{"start":{"line":76,"column":0},"end":{"line":108,"column":3}},"16":{"start":{"line":76,"column":62},"end":{"line":108,"column":2}},"17":{"start":{"line":77,"column":4},"end":{"line":107,"column":5}},"18":{"start":{"line":78,"column":22},"end":{"line":78,"column":56}},"19":{"start":{"line":79,"column":8},"end":{"line":81,"column":9}},"20":{"start":{"line":80,"column":12},"end":{"line":80,"column":73}},"21":{"start":{"line":82,"column":37},"end":{"line":82,"column":39}},"22":{"start":{"line":83,"column":8},"end":{"line":88,"column":9}},"23":{"start":{"line":84,"column":29},"end":{"line":84,"column":66}},"24":{"start":{"line":85,"column":12},"end":{"line":87,"column":13}},"25":{"start":{"line":86,"column":16},"end":{"line":86,"column":41}},"26":{"start":{"line":90,"column":39},"end":{"line":90,"column":41}},"27":{"start":{"line":91,"column":8},"end":{"line":100,"column":9}},"28":{"start":{"line":92,"column":29},"end":{"line":96,"column":18}},"29":{"start":{"line":97,"column":12},"end":{"line":99,"column":13}},"30":{"start":{"line":98,"column":16},"end":{"line":98,"column":41}},"31":{"start":{"line":103,"column":8},"end":{"line":103,"column":28}},"32":{"start":{"line":105,"column":8},"end":{"line":105,"column":57}},"33":{"start":{"line":106,"column":8},"end":{"line":106,"column":65}},"34":{"start":{"line":110,"column":0},"end":{"line":118,"column":3}},"35":{"start":{"line":110,"column":55},"end":{"line":118,"column":2}},"36":{"start":{"line":111,"column":4},"end":{"line":117,"column":5}},"37":{"start":{"line":112,"column":26},"end":{"line":112,"column":63}},"38":{"start":{"line":113,"column":8},"end":{"line":113,"column":28}},"39":{"start":{"line":115,"column":8},"end":{"line":115,"column":58}},"40":{"start":{"line":116,"column":8},"end":{"line":116,"column":63}},"41":{"start":{"line":121,"column":0},"end":{"line":121,"column":24}}},"fnMap":{"0":{"name":"(anonymous_8)","decl":{"start":{"line":19,"column":37},"end":{"line":19,"column":44}},"loc":{"start":{"line":19,"column":56},"end":{"line":48,"column":2}}},"1":{"name":"(anonymous_9)","decl":{"start":{"line":19,"column":56},"end":{"line":19,"column":null}},"loc":{"start":{"line":19,"column":56},"end":{"line":48,"column":1}}},"2":{"name":"(anonymous_10)","decl":{"start":{"line":76,"column":43},"end":{"line":76,"column":50}},"loc":{"start":{"line":76,"column":62},"end":{"line":108,"column":2}}},"3":{"name":"(anonymous_11)","decl":{"start":{"line":76,"column":62},"end":{"line":76,"column":null}},"loc":{"start":{"line":76,"column":62},"end":{"line":108,"column":1}}},"4":{"name":"(anonymous_12)","decl":{"start":{"line":110,"column":36},"end":{"line":110,"column":43}},"loc":{"start":{"line":110,"column":55},"end":{"line":118,"column":2}}},"5":{"name":"(anonymous_13)","decl":{"start":{"line":110,"column":55},"end":{"line":110,"column":null}},"loc":{"start":{"line":110,"column":55},"end":{"line":118,"column":1}}}},"branchMap":{"0":{"loc":{"start":{"line":34,"column":8},"end":{"line":36,"column":9}},"type":"if","locations":[{"start":{"line":34,"column":8},"end":{"line":36,"column":9}}]},"1":{"loc":{"start":{"line":34,"column":12},"end":{"line":34,"column":76}},"type":"binary-expr","locations":[{"start":{"line":34,"column":12},"end":{"line":34,"column":20}},{"start":{"line":34,"column":24},"end":{"line":34,"column":32}},{"start":{"line":34,"column":36},"end":{"line":34,"column":46}},{"start":{"line":34,"column":50},"end":{"line":34,"column":61}},{"start":{"line":34,"column":65},"end":{"line":34,"column":76}}]},"2":{"loc":{"start":{"line":79,"column":8},"end":{"line":81,"column":9}},"type":"if","locations":[{"start":{"line":79,"column":8},"end":{"line":81,"column":9}}]},"3":{"loc":{"start":{"line":85,"column":12},"end":{"line":87,"column":13}},"type":"if","locations":[{"start":{"line":85,"column":12},"end":{"line":87,"column":13}}]},"4":{"loc":{"start":{"line":97,"column":12},"end":{"line":99,"column":13}},"type":"if","locations":[{"start":{"line":97,"column":12},"end":{"line":99,"column":13}}]}},"s":{"0":2,"1":2,"2":2,"3":2,"4":1,"5":1,"6":1,"7":1,"8":1,"9":0,"10":1,"11":1,"12":0,"13":0,"14":2,"15":2,"16":0,"17":0,"18":0,"19":0,"20":0,"21":0,"22":0,"23":0,"24":0,"25":0,"26":0,"27":0,"28":0,"29":0,"30":0,"31":0,"32":0,"33":0,"34":2,"35":0,"36":0,"37":0,"38":0,"39":0,"40":0,"41":2},"f":{"0":1,"1":1,"2":0,"3":0,"4":0,"5":0},"b":{"0":[0],"1":[1,1,1,1,1],"2":[0],"3":[0],"4":[0]}}
,"K:\\Git\\FullJourneyLingua\\JourneyLingua\\backend\\routes\\language.ts": {"path":"K:\\Git\\FullJourneyLingua\\JourneyLingua\\backend\\routes\\language.ts","statementMap":{"0":{"start":{"line":1,"column":0},"end":{"line":1,"column":30}},"1":{"start":{"line":3,"column":15},"end":{"line":3,"column":31}},"2":{"start":{"line":4,"column":0},"end":{"line":4,"column":38}},"3":{"start":{"line":11,"column":0},"end":{"line":34,"column":3}},"4":{"start":{"line":11,"column":44},"end":{"line":34,"column":2}},"5":{"start":{"line":12,"column":4},"end":{"line":33,"column":5}},"6":{"start":{"line":13,"column":31},"end":{"line":13,"column":39}},"7":{"start":{"line":16,"column":45},"end":{"line":18,"column":10}},"8":{"start":{"line":20,"column":8},"end":{"line":22,"column":9}},"9":{"start":{"line":21,"column":12},"end":{"line":21,"column":75}},"10":{"start":{"line":25,"column":32},"end":{"line":27,"column":10}},"11":{"start":{"line":29,"column":8},"end":{"line":29,"column":46}},"12":{"start":{"line":31,"column":8},"end":{"line":31,"column":57}},"13":{"start":{"line":32,"column":8},"end":{"line":32,"column":63}},"14":{"start":{"line":36,"column":0},"end":{"line":36,"column":22}}},"fnMap":{"0":{"name":"(anonymous_8)","decl":{"start":{"line":11,"column":25},"end":{"line":11,"column":32}},"loc":{"start":{"line":11,"column":44},"end":{"line":34,"column":2}}},"1":{"name":"(anonymous_9)","decl":{"start":{"line":11,"column":44},"end":{"line":11,"column":null}},"loc":{"start":{"line":11,"column":44},"end":{"line":34,"column":1}}}},"branchMap":{"0":{"loc":{"start":{"line":20,"column":8},"end":{"line":22,"column":9}},"type":"if","locations":[{"start":{"line":20,"column":8},"end":{"line":22,"column":9}}]}},"s":{"0":2,"1":2,"2":2,"3":2,"4":1,"5":1,"6":1,"7":1,"8":1,"9":0,"10":1,"11":1,"12":0,"13":0,"14":2},"f":{"0":1,"1":1},"b":{"0":[0]}}
,"K:\\Git\\FullJourneyLingua\\JourneyLingua\\backend\\routes\\login.ts": {"path":"K:\\Git\\FullJourneyLingua\\JourneyLingua\\backend\\routes\\login.ts","statementMap":{"0":{"start":{"line":1,"column":0},"end":{"line":1,"column":58}},"1":{"start":{"line":2,"column":0},"end":{"line":2,"column":38}},"2":{"start":{"line":3,"column":0},"end":{"line":3,"column":51}},"3":{"start":{"line":4,"column":0},"end":{"line":4,"column":30}},"4":{"start":{"line":5,"column":0},"end":{"line":5,"column":28}},"5":{"start":{"line":6,"column":12},"end":{"line":6,"column":35}},"6":{"start":{"line":7,"column":0},"end":{"line":7,"column":16}},"7":{"start":{"line":9,"column":15},"end":{"line":9,"column":31}},"8":{"start":{"line":27,"column":20},"end":{"line":29,"column":1}},"9":{"start":{"line":28,"column":4},"end":{"line":28,"column":72}},"10":{"start":{"line":31,"column":0},"end":{"line":67,"column":3}},"11":{"start":{"line":32,"column":4},"end":{"line":66,"column":5}},"12":{"start":{"line":34,"column":51},"end":{"line":34,"column":59}},"13":{"start":{"line":35,"column":8},"end":{"line":37,"column":9}},"14":{"start":{"line":36,"column":12},"end":{"line":36,"column":80}},"15":{"start":{"line":39,"column":23},"end":{"line":39,"column":44}},"16":{"start":{"line":40,"column":8},"end":{"line":42,"column":9}},"17":{"start":{"line":41,"column":12},"end":{"line":41,"column":66}},"18":{"start":{"line":47,"column":36},"end":{"line":47,"column":109}},"19":{"start":{"line":48,"column":42},"end":{"line":48,"column":64}},"20":{"start":{"line":50,"column":8},"end":{"line":52,"column":9}},"21":{"start":{"line":51,"column":12},"end":{"line":51,"column":67}},"22":{"start":{"line":54,"column":30},"end":{"line":54,"column":83}},"23":{"start":{"line":55,"column":8},"end":{"line":57,"column":9}},"24":{"start":{"line":56,"column":12},"end":{"line":56,"column":71}},"25":{"start":{"line":59,"column":22},"end":{"line":59,"column":54}},"26":{"start":{"line":62,"column":9},"end":{"line":62,"column":210}},"27":{"start":{"line":64,"column":8},"end":{"line":64,"column":53}},"28":{"start":{"line":65,"column":8},"end":{"line":65,"column":63}},"29":{"start":{"line":69,"column":0},"end":{"line":69,"column":22}}},"fnMap":{"0":{"name":"(anonymous_8)","decl":{"start":{"line":27,"column":20},"end":{"line":27,"column":21}},"loc":{"start":{"line":27,"column":39},"end":{"line":29,"column":1}}},"1":{"name":"(anonymous_9)","decl":{"start":{"line":31,"column":22},"end":{"line":31,"column":37}},"loc":{"start":{"line":31,"column":45},"end":{"line":67,"column":2}}}},"branchMap":{"0":{"loc":{"start":{"line":35,"column":8},"end":{"line":37,"column":9}},"type":"if","locations":[{"start":{"line":35,"column":8},"end":{"line":37,"column":9}}]},"1":{"loc":{"start":{"line":35,"column":12},"end":{"line":35,"column":34}},"type":"binary-expr","locations":[{"start":{"line":35,"column":12},"end":{"line":35,"column":21}},{"start":{"line":35,"column":25},"end":{"line":35,"column":34}}]},"2":{"loc":{"start":{"line":40,"column":8},"end":{"line":42,"column":9}},"type":"if","locations":[{"start":{"line":40,"column":8},"end":{"line":42,"column":9}}]},"3":{"loc":{"start":{"line":48,"column":42},"end":{"line":48,"column":64}},"type":"binary-expr","locations":[{"start":{"line":48,"column":42},"end":{"line":48,"column":56}},{"start":{"line":48,"column":60},"end":{"line":48,"column":64}}]},"4":{"loc":{"start":{"line":50,"column":8},"end":{"line":52,"column":9}},"type":"if","locations":[{"start":{"line":50,"column":8},"end":{"line":52,"column":9}}]},"5":{"loc":{"start":{"line":55,"column":8},"end":{"line":57,"column":9}},"type":"if","locations":[{"start":{"line":55,"column":8},"end":{"line":57,"column":9}}]}},"s":{"0":2,"1":2,"2":2,"3":2,"4":2,"5":2,"6":2,"7":2,"8":2,"9":1,"10":2,"11":1,"12":1,"13":1,"14":0,"15":1,"16":1,"17":0,"18":1,"19":1,"20":1,"21":0,"22":1,"23":1,"24":0,"25":1,"26":1,"27":0,"28":0,"29":2},"f":{"0":1,"1":1},"b":{"0":[0],"1":[1,1],"2":[0],"3":[1,0],"4":[0],"5":[0]}}
,"K:\\Git\\FullJourneyLingua\\JourneyLingua\\backend\\routes\\makeASentenceEx.ts": {"path":"K:\\Git\\FullJourneyLingua\\JourneyLingua\\backend\\routes\\makeASentenceEx.ts","statementMap":{"0":{"start":{"line":1,"column":0},"end":{"line":1,"column":30}},"1":{"start":{"line":2,"column":0},"end":{"line":2,"column":38}},"2":{"start":{"line":5,"column":15},"end":{"line":5,"column":31}},"3":{"start":{"line":14,"column":0},"end":{"line":46,"column":3}},"4":{"start":{"line":14,"column":64},"end":{"line":46,"column":2}},"5":{"start":{"line":15,"column":4},"end":{"line":45,"column":5}},"6":{"start":{"line":16,"column":22},"end":{"line":16,"column":58}},"7":{"start":{"line":17,"column":8},"end":{"line":19,"column":9}},"8":{"start":{"line":18,"column":12},"end":{"line":18,"column":73}},"9":{"start":{"line":20,"column":37},"end":{"line":20,"column":39}},"10":{"start":{"line":21,"column":8},"end":{"line":26,"column":9}},"11":{"start":{"line":22,"column":29},"end":{"line":22,"column":66}},"12":{"start":{"line":23,"column":12},"end":{"line":25,"column":13}},"13":{"start":{"line":24,"column":16},"end":{"line":24,"column":41}},"14":{"start":{"line":28,"column":39},"end":{"line":28,"column":41}},"15":{"start":{"line":29,"column":8},"end":{"line":38,"column":9}},"16":{"start":{"line":30,"column":29},"end":{"line":34,"column":18}},"17":{"start":{"line":35,"column":12},"end":{"line":37,"column":13}},"18":{"start":{"line":36,"column":16},"end":{"line":36,"column":41}},"19":{"start":{"line":41,"column":8},"end":{"line":41,"column":28}},"20":{"start":{"line":43,"column":8},"end":{"line":43,"column":58}},"21":{"start":{"line":44,"column":8},"end":{"line":44,"column":63}},"22":{"start":{"line":58,"column":0},"end":{"line":85,"column":3}},"23":{"start":{"line":58,"column":59},"end":{"line":85,"column":2}},"24":{"start":{"line":59,"column":4},"end":{"line":84,"column":5}},"25":{"start":{"line":60,"column":67},"end":{"line":60,"column":75}},"26":{"start":{"line":63,"column":52},"end":{"line":68,"column":10}},"27":{"start":{"line":70,"column":8},"end":{"line":72,"column":9}},"28":{"start":{"line":71,"column":12},"end":{"line":71,"column":76}},"29":{"start":{"line":75,"column":39},"end":{"line":77,"column":10}},"30":{"start":{"line":79,"column":8},"end":{"line":79,"column":111}},"31":{"start":{"line":82,"column":8},"end":{"line":82,"column":64}},"32":{"start":{"line":83,"column":8},"end":{"line":83,"column":70}},"33":{"start":{"line":87,"column":0},"end":{"line":103,"column":3}},"34":{"start":{"line":87,"column":61},"end":{"line":103,"column":2}},"35":{"start":{"line":88,"column":15},"end":{"line":88,"column":38}},"36":{"start":{"line":89,"column":4},"end":{"line":102,"column":5}},"37":{"start":{"line":90,"column":25},"end":{"line":94,"column":10}},"38":{"start":{"line":95,"column":8},"end":{"line":97,"column":9}},"39":{"start":{"line":96,"column":12},"end":{"line":96,"column":71}},"40":{"start":{"line":98,"column":8},"end":{"line":98,"column":27}},"41":{"start":{"line":100,"column":8},"end":{"line":100,"column":57}},"42":{"start":{"line":101,"column":8},"end":{"line":101,"column":63}},"43":{"start":{"line":105,"column":0},"end":{"line":105,"column":24}}},"fnMap":{"0":{"name":"(anonymous_8)","decl":{"start":{"line":14,"column":45},"end":{"line":14,"column":52}},"loc":{"start":{"line":14,"column":64},"end":{"line":46,"column":2}}},"1":{"name":"(anonymous_9)","decl":{"start":{"line":14,"column":64},"end":{"line":14,"column":null}},"loc":{"start":{"line":14,"column":64},"end":{"line":46,"column":1}}},"2":{"name":"(anonymous_10)","decl":{"start":{"line":58,"column":40},"end":{"line":58,"column":47}},"loc":{"start":{"line":58,"column":59},"end":{"line":85,"column":2}}},"3":{"name":"(anonymous_11)","decl":{"start":{"line":58,"column":59},"end":{"line":58,"column":null}},"loc":{"start":{"line":58,"column":59},"end":{"line":85,"column":1}}},"4":{"name":"(anonymous_12)","decl":{"start":{"line":87,"column":42},"end":{"line":87,"column":49}},"loc":{"start":{"line":87,"column":61},"end":{"line":103,"column":2}}},"5":{"name":"(anonymous_13)","decl":{"start":{"line":87,"column":61},"end":{"line":87,"column":null}},"loc":{"start":{"line":87,"column":61},"end":{"line":103,"column":1}}}},"branchMap":{"0":{"loc":{"start":{"line":17,"column":8},"end":{"line":19,"column":9}},"type":"if","locations":[{"start":{"line":17,"column":8},"end":{"line":19,"column":9}}]},"1":{"loc":{"start":{"line":23,"column":12},"end":{"line":25,"column":13}},"type":"if","locations":[{"start":{"line":23,"column":12},"end":{"line":25,"column":13}}]},"2":{"loc":{"start":{"line":35,"column":12},"end":{"line":37,"column":13}},"type":"if","locations":[{"start":{"line":35,"column":12},"end":{"line":37,"column":13}}]},"3":{"loc":{"start":{"line":70,"column":8},"end":{"line":72,"column":9}},"type":"if","locations":[{"start":{"line":70,"column":8},"end":{"line":72,"column":9}}]},"4":{"loc":{"start":{"line":70,"column":12},"end":{"line":70,"column":70}},"type":"binary-expr","locations":[{"start":{"line":70,"column":12},"end":{"line":70,"column":24}},{"start":{"line":70,"column":28},"end":{"line":70,"column":40}},{"start":{"line":70,"column":44},"end":{"line":70,"column":55}},{"start":{"line":70,"column":59},"end":{"line":70,"column":70}}]},"5":{"loc":{"start":{"line":95,"column":8},"end":{"line":97,"column":9}},"type":"if","locations":[{"start":{"line":95,"column":8},"end":{"line":97,"column":9}}]}},"s":{"0":2,"1":2,"2":2,"3":2,"4":0,"5":0,"6":0,"7":0,"8":0,"9":0,"10":0,"11":0,"12":0,"13":0,"14":0,"15":0,"16":0,"17":0,"18":0,"19":0,"20":0,"21":0,"22":2,"23":1,"24":1,"25":1,"26":1,"27":1,"28":0,"29":1,"30":1,"31":0,"32":0,"33":2,"34":0,"35":0,"36":0,"37":0,"38":0,"39":0,"40":0,"41":0,"42":0,"43":2},"f":{"0":0,"1":0,"2":1,"3":1,"4":0,"5":0},"b":{"0":[0],"1":[0],"2":[0],"3":[0],"4":[1,1,1,1],"5":[0]}}
,"K:\\Git\\FullJourneyLingua\\JourneyLingua\\backend\\routes\\signup.ts": {"path":"K:\\Git\\FullJourneyLingua\\JourneyLingua\\backend\\routes\\signup.ts","statementMap":{"0":{"start":{"line":1,"column":0},"end":{"line":1,"column":51}},"1":{"start":{"line":2,"column":0},"end":{"line":2,"column":38}},"2":{"start":{"line":3,"column":0},"end":{"line":3,"column":57}},"3":{"start":{"line":4,"column":0},"end":{"line":4,"column":30}},"4":{"start":{"line":5,"column":0},"end":{"line":5,"column":28}},"5":{"start":{"line":6,"column":12},"end":{"line":6,"column":35}},"6":{"start":{"line":7,"column":0},"end":{"line":7,"column":16}},"7":{"start":{"line":9,"column":15},"end":{"line":9,"column":31}},"8":{"start":{"line":19,"column":20},"end":{"line":21,"column":1}},"9":{"start":{"line":20,"column":4},"end":{"line":20,"column":72}},"10":{"start":{"line":31,"column":0},"end":{"line":82,"column":3}},"11":{"start":{"line":33,"column":82},"end":{"line":33,"column":90}},"12":{"start":{"line":34,"column":4},"end":{"line":36,"column":5}},"13":{"start":{"line":35,"column":8},"end":{"line":35,"column":76}},"14":{"start":{"line":40,"column":19},"end":{"line":40,"column":40}},"15":{"start":{"line":41,"column":4},"end":{"line":43,"column":5}},"16":{"start":{"line":42,"column":8},"end":{"line":42,"column":62}},"17":{"start":{"line":45,"column":4},"end":{"line":81,"column":5}},"18":{"start":{"line":48,"column":29},"end":{"line":55,"column":10}},"19":{"start":{"line":56,"column":8},"end":{"line":58,"column":9}},"20":{"start":{"line":57,"column":12},"end":{"line":57,"column":72}},"21":{"start":{"line":60,"column":21},"end":{"line":60,"column":45}},"22":{"start":{"line":61,"column":21},"end":{"line":61,"column":54}},"23":{"start":{"line":64,"column":24},"end":{"line":72,"column":10}},"24":{"start":{"line":75,"column":22},"end":{"line":75,"column":49}},"25":{"start":{"line":77,"column":8},"end":{"line":77,"column":91}},"26":{"start":{"line":79,"column":8},"end":{"line":79,"column":53}},"27":{"start":{"line":80,"column":8},"end":{"line":80,"column":63}},"28":{"start":{"line":85,"column":0},"end":{"line":96,"column":3}},"29":{"start":{"line":85,"column":59},"end":{"line":96,"column":2}},"30":{"start":{"line":86,"column":4},"end":{"line":95,"column":5}},"31":{"start":{"line":88,"column":22},"end":{"line":88,"column":50}},"32":{"start":{"line":91,"column":8},"end":{"line":91,"column":40}},"33":{"start":{"line":93,"column":8},"end":{"line":93,"column":56}},"34":{"start":{"line":94,"column":8},"end":{"line":94,"column":65}},"35":{"start":{"line":100,"column":0},"end":{"line":122,"column":3}},"36":{"start":{"line":100,"column":71},"end":{"line":122,"column":2}},"37":{"start":{"line":101,"column":4},"end":{"line":121,"column":5}},"38":{"start":{"line":102,"column":29},"end":{"line":102,"column":39}},"39":{"start":{"line":103,"column":21},"end":{"line":113,"column":10}},"40":{"start":{"line":114,"column":8},"end":{"line":116,"column":9}},"41":{"start":{"line":115,"column":12},"end":{"line":115,"column":71}},"42":{"start":{"line":117,"column":8},"end":{"line":117,"column":23}},"43":{"start":{"line":119,"column":8},"end":{"line":119,"column":63}},"44":{"start":{"line":120,"column":8},"end":{"line":120,"column":65}},"45":{"start":{"line":124,"column":0},"end":{"line":124,"column":22}}},"fnMap":{"0":{"name":"(anonymous_8)","decl":{"start":{"line":19,"column":20},"end":{"line":19,"column":21}},"loc":{"start":{"line":19,"column":39},"end":{"line":21,"column":1}}},"1":{"name":"(anonymous_9)","decl":{"start":{"line":31,"column":23},"end":{"line":31,"column":38}},"loc":{"start":{"line":31,"column":65},"end":{"line":82,"column":2}}},"2":{"name":"(anonymous_11)","decl":{"start":{"line":85,"column":21},"end":{"line":85,"column":28}},"loc":{"start":{"line":85,"column":59},"end":{"line":96,"column":2}}},"3":{"name":"(anonymous_12)","decl":{"start":{"line":85,"column":59},"end":{"line":85,"column":null}},"loc":{"start":{"line":85,"column":59},"end":{"line":96,"column":1}}},"4":{"name":"(anonymous_13)","decl":{"start":{"line":100,"column":33},"end":{"line":100,"column":40}},"loc":{"start":{"line":100,"column":71},"end":{"line":122,"column":2}}},"5":{"name":"(anonymous_14)","decl":{"start":{"line":100,"column":71},"end":{"line":100,"column":null}},"loc":{"start":{"line":100,"column":71},"end":{"line":122,"column":1}}}},"branchMap":{"0":{"loc":{"start":{"line":34,"column":4},"end":{"line":36,"column":5}},"type":"if","locations":[{"start":{"line":34,"column":4},"end":{"line":36,"column":5}}]},"1":{"loc":{"start":{"line":34,"column":8},"end":{"line":34,"column":67}},"type":"binary-expr","locations":[{"start":{"line":34,"column":8},"end":{"line":34,"column":17}},{"start":{"line":34,"column":21},"end":{"line":34,"column":30}},{"start":{"line":34,"column":34},"end":{"line":34,"column":40}},{"start":{"line":34,"column":44},"end":{"line":34,"column":54}},{"start":{"line":34,"column":58},"end":{"line":34,"column":67}}]},"2":{"loc":{"start":{"line":41,"column":4},"end":{"line":43,"column":5}},"type":"if","locations":[{"start":{"line":41,"column":4},"end":{"line":43,"column":5}}]},"3":{"loc":{"start":{"line":56,"column":8},"end":{"line":58,"column":9}},"type":"if","locations":[{"start":{"line":56,"column":8},"end":{"line":58,"column":9}}]},"4":{"loc":{"start":{"line":114,"column":8},"end":{"line":116,"column":9}},"type":"if","locations":[{"start":{"line":114,"column":8},"end":{"line":116,"column":9}}]}},"s":{"0":2,"1":2,"2":2,"3":2,"4":2,"5":2,"6":2,"7":2,"8":2,"9":1,"10":2,"11":1,"12":1,"13":0,"14":1,"15":1,"16":0,"17":1,"18":1,"19":1,"20":0,"21":1,"22":1,"23":1,"24":1,"25":1,"26":0,"27":0,"28":2,"29":0,"30":0,"31":0,"32":0,"33":0,"34":0,"35":2,"36":0,"37":0,"38":0,"39":0,"40":0,"41":0,"42":0,"43":0,"44":0,"45":2},"f":{"0":1,"1":1,"2":0,"3":0,"4":0,"5":0},"b":{"0":[0],"1":[1,1,1,1,1],"2":[0],"3":[0],"4":[0]}}
}
