TN:
SF:..\server.ts
FN:21,(anonymous_1)
FN:37,(anonymous_2)
FNF:2
FNH:1
FNDA:7,(anonymous_1)
FNDA:0,(anonymous_2)
DA:1,2
DA:2,2
DA:3,2
DA:4,2
DA:5,2
DA:7,2
DA:8,2
DA:9,2
DA:11,2
DA:13,2
DA:14,2
DA:15,2
DA:16,2
DA:19,2
DA:20,2
DA:21,2
DA:22,7
DA:23,7
DA:27,2
DA:28,2
DA:29,2
DA:30,2
DA:31,2
DA:32,2
DA:33,2
DA:36,2
DA:37,0
DA:38,0
DA:42,2
LF:29
LH:27
BRDA:16,0,0,2
BRDA:16,0,1,0
BRDA:36,1,0,0
BRF:3
BRH:1
end_of_record
TN:
SF:..\prisma\prisma.ts
FNF:0
FNH:0
DA:1,2
DA:3,2
DA:7,2
LF:3
LH:3
BRF:0
BRH:0
end_of_record
TN:
SF:..\routes\deleteuser.ts
FN:6,(anonymous_8)
FN:6,(anonymous_9)
FNF:2
FNH:2
FNDA:1,(anonymous_8)
FNDA:1,(anonymous_9)
DA:1,2
DA:2,2
DA:4,2
DA:6,2
DA:7,1
DA:9,1
DA:10,1
DA:12,1
DA:16,1
DA:17,0
DA:21,1
DA:25,1
DA:27,0
DA:28,0
DA:33,2
LF:15
LH:12
BRDA:16,0,0,0
BRF:1
BRH:0
end_of_record
TN:
SF:..\routes\exercise.ts
FN:12,(anonymous_8)
FN:12,(anonymous_9)
FNF:2
FNH:2
FNDA:1,(anonymous_8)
FNDA:1,(anonymous_9)
DA:1,2
DA:3,2
DA:4,2
DA:12,2
DA:13,1
DA:14,1
DA:16,1
DA:21,1
DA:22,0
DA:26,1
DA:30,1
DA:32,0
DA:33,0
DA:37,2
LF:14
LH:11
BRDA:21,0,0,0
BRDA:21,1,0,1
BRDA:21,1,1,1
BRF:3
BRH:2
end_of_record
TN:
SF:..\routes\imageToTextEx.ts
FN:19,(anonymous_8)
FN:19,(anonymous_9)
FN:76,(anonymous_10)
FN:76,(anonymous_11)
FN:110,(anonymous_12)
FN:110,(anonymous_13)
FNF:6
FNH:2
FNDA:1,(anonymous_8)
FNDA:1,(anonymous_9)
FNDA:0,(anonymous_10)
FNDA:0,(anonymous_11)
FNDA:0,(anonymous_12)
FNDA:0,(anonymous_13)
DA:1,2
DA:3,2
DA:4,2
DA:19,2
DA:20,1
DA:21,1
DA:24,1
DA:34,1
DA:35,0
DA:39,1
DA:43,1
DA:45,0
DA:46,0
DA:50,2
DA:76,2
DA:77,0
DA:78,0
DA:79,0
DA:80,0
DA:82,0
DA:83,0
DA:84,0
DA:85,0
DA:86,0
DA:90,0
DA:91,0
DA:92,0
DA:97,0
DA:98,0
DA:103,0
DA:105,0
DA:106,0
DA:110,2
DA:111,0
DA:112,0
DA:113,0
DA:115,0
DA:116,0
DA:121,2
LF:39
LH:14
BRDA:34,0,0,0
BRDA:34,1,0,1
BRDA:34,1,1,1
BRDA:34,1,2,1
BRDA:34,1,3,1
BRDA:34,1,4,1
BRDA:79,2,0,0
BRDA:85,3,0,0
BRDA:97,4,0,0
BRF:9
BRH:5
end_of_record
TN:
SF:..\routes\language.ts
FN:11,(anonymous_8)
FN:11,(anonymous_9)
FNF:2
FNH:2
FNDA:1,(anonymous_8)
FNDA:1,(anonymous_9)
DA:1,2
DA:3,2
DA:4,2
DA:11,2
DA:12,1
DA:13,1
DA:16,1
DA:20,1
DA:21,0
DA:25,1
DA:29,1
DA:31,0
DA:32,0
DA:36,2
LF:14
LH:11
BRDA:20,0,0,0
BRF:1
BRH:0
end_of_record
TN:
SF:..\routes\login.ts
FN:27,(anonymous_8)
FN:31,(anonymous_9)
FNF:2
FNH:2
FNDA:1,(anonymous_8)
FNDA:1,(anonymous_9)
DA:1,2
DA:2,2
DA:3,2
DA:4,2
DA:5,2
DA:6,2
DA:7,2
DA:9,2
DA:27,2
DA:28,1
DA:31,2
DA:32,1
DA:34,1
DA:35,1
DA:36,0
DA:39,1
DA:40,1
DA:41,0
DA:47,1
DA:48,1
DA:50,1
DA:51,0
DA:54,1
DA:55,1
DA:56,0
DA:59,1
DA:62,1
DA:64,0
DA:65,0
DA:69,2
LF:30
LH:24
BRDA:35,0,0,0
BRDA:35,1,0,1
BRDA:35,1,1,1
BRDA:40,2,0,0
BRDA:48,3,0,1
BRDA:48,3,1,0
BRDA:50,4,0,0
BRDA:55,5,0,0
BRF:8
BRH:3
end_of_record
TN:
SF:..\routes\makeASentenceEx.ts
FN:14,(anonymous_8)
FN:14,(anonymous_9)
FN:58,(anonymous_10)
FN:58,(anonymous_11)
FN:87,(anonymous_12)
FN:87,(anonymous_13)
FNF:6
FNH:2
FNDA:0,(anonymous_8)
FNDA:0,(anonymous_9)
FNDA:1,(anonymous_10)
FNDA:1,(anonymous_11)
FNDA:0,(anonymous_12)
FNDA:0,(anonymous_13)
DA:1,2
DA:2,2
DA:5,2
DA:14,2
DA:15,0
DA:16,0
DA:17,0
DA:18,0
DA:20,0
DA:21,0
DA:22,0
DA:23,0
DA:24,0
DA:28,0
DA:29,0
DA:30,0
DA:35,0
DA:36,0
DA:41,0
DA:43,0
DA:44,0
DA:58,2
DA:59,1
DA:60,1
DA:63,1
DA:70,1
DA:71,0
DA:75,1
DA:79,1
DA:82,0
DA:83,0
DA:87,2
DA:88,0
DA:89,0
DA:90,0
DA:95,0
DA:96,0
DA:98,0
DA:100,0
DA:101,0
DA:105,2
LF:41
LH:13
BRDA:17,0,0,0
BRDA:23,1,0,0
BRDA:35,2,0,0
BRDA:70,3,0,0
BRDA:70,4,0,1
BRDA:70,4,1,1
BRDA:70,4,2,1
BRDA:70,4,3,1
BRDA:95,5,0,0
BRF:9
BRH:4
end_of_record
TN:
SF:..\routes\signup.ts
FN:19,(anonymous_8)
FN:31,(anonymous_9)
FN:85,(anonymous_11)
FN:85,(anonymous_12)
FN:100,(anonymous_13)
FN:100,(anonymous_14)
FNF:6
FNH:2
FNDA:1,(anonymous_8)
FNDA:1,(anonymous_9)
FNDA:0,(anonymous_11)
FNDA:0,(anonymous_12)
FNDA:0,(anonymous_13)
FNDA:0,(anonymous_14)
DA:1,2
DA:2,2
DA:3,2
DA:4,2
DA:5,2
DA:6,2
DA:7,2
DA:9,2
DA:19,2
DA:20,1
DA:31,2
DA:33,1
DA:34,1
DA:35,0
DA:40,1
DA:41,1
DA:42,0
DA:45,1
DA:48,1
DA:56,1
DA:57,0
DA:60,1
DA:61,1
DA:64,1
DA:75,1
DA:77,1
DA:79,0
DA:80,0
DA:85,2
DA:86,0
DA:88,0
DA:91,0
DA:93,0
DA:94,0
DA:100,2
DA:101,0
DA:102,0
DA:103,0
DA:114,0
DA:115,0
DA:117,0
DA:119,0
DA:120,0
DA:124,2
LF:44
LH:26
BRDA:34,0,0,0
BRDA:34,1,0,1
BRDA:34,1,1,1
BRDA:34,1,2,1
BRDA:34,1,3,1
BRDA:34,1,4,1
BRDA:41,2,0,0
BRDA:56,3,0,0
BRDA:114,4,0,0
BRF:9
BRH:5
end_of_record
